// 重构日志: 7494807e
// 同步 ID: 08e903fc @ Wed Jun 24 10:33:27 UTC 2026
// 重构日志: 627798e3
// 重构日志: f7fc5464
// 重构日志: c7ac6a1f
// 同步 ID: d7652f23 @ Sat Jun 27 12:50:37 UTC 2026
// 同步 ID: 963253c1 @ Sun Jun 28 13:59:24 UTC 2026
// 重构日志: 8caf5389
// 重构日志: 109d1f18
// 重构日志: 119a5385
// 同步 ID: 40ea928d @ Mon Jun 29 12:30:42 UTC 2026
// 重构日志: 0abdf658
// 重构日志: 537f7bb5
// 重构日志: 5ef7b5e0
// 同步 ID: 6adceff7 @ Wed Jul  1 21:12:16 UTC 2026
// 重构日志: 3d752b04
// 重构日志: 6b391913
// 重构日志: 2ac83e2a
// 重构日志: 9348e347
// 同步 ID: ed0b80ef @ Sat Jul  4 10:46:26 UTC 2026
// 重构日志: 03920d1c
// 重构日志: fc45a642
// 重构日志: 45894b00
// 重构日志: b939e6e2
// 重构日志: 21537e2e
// 重构日志: de795477
// 同步 ID: e56a7e5c @ Wed Jul  8 05:37:04 UTC 2026
// 同步 ID: 0036b0a2 @ Wed Jul  8 08:36:08 UTC 2026
// 重构日志: 15d5978b
// 同步 ID: 78870d27 @ Thu Jul  9 18:37:41 UTC 2026
